  MyForm.cpp
F:\Webcam_AR\opencv\include\opencv2/core/mat.hpp(1926): warning C4819: The file contains a character that cannot be represented in the current code page (950). Save the file in Unicode format to prevent data loss
F:\Webcam_AR\opencv\include\opencv2/core/persistence.hpp : warning C4819: The file contains a character that cannot be represented in the current code page (950). Save the file in Unicode format to prevent data loss
F:\Webcam_AR\opencv\include\opencv2/core/utility.hpp : warning C4819: The file contains a character that cannot be represented in the current code page (950). Save the file in Unicode format to prevent data loss
F:\Webcam_AR\opencv\include\opencv2/core/utility.hpp : warning C4819: The file contains a character that cannot be represented in the current code page (950). Save the file in Unicode format to prevent data loss
F:\Webcam_AR\opencv\include\opencv2/imgproc.hpp : warning C4819: The file contains a character that cannot be represented in the current code page (950). Save the file in Unicode format to prevent data loss
F:\Webcam_AR\opencv\include\opencv2/imgproc.hpp(617): warning C4819: The file contains a character that cannot be represented in the current code page (950). Save the file in Unicode format to prevent data loss
c:\webcam_ar\glasses\glasses\MyKinect.h(254): warning C4244: '=': conversion from 'UINT64' to 'double', possible loss of data
c:\webcam_ar\glasses\glasses\MyKinect.h(351): warning C4996: 'fopen': This function or variable may be unsafe. Consider using fopen_s instead. To disable deprecation, use _CRT_SECURE_NO_WARNINGS. See online help for details.
  C:\Program Files (x86)\Windows Kits\10\Include\10.0.10240.0\ucrt\stdio.h(205): note: see declaration of 'fopen'
c:\webcam_ar\glasses\glasses\MyKinect.h(486): warning C4267: 'return': conversion from 'size_t' to 'int', possible loss of data
c:\webcam_ar\glasses\glasses\core.h : warning C4819: The file contains a character that cannot be represented in the current code page (950). Save the file in Unicode format to prevent data loss
c:\webcam_ar\glasses\glasses\core.h(66): warning C4996: 'fopen': This function or variable may be unsafe. Consider using fopen_s instead. To disable deprecation, use _CRT_SECURE_NO_WARNINGS. See online help for details.
  C:\Program Files (x86)\Windows Kits\10\Include\10.0.10240.0\ucrt\stdio.h(205): note: see declaration of 'fopen'
c:\webcam_ar\glasses\glasses\core.h(204): warning C4244: 'argument': conversion from 'double' to 'float', possible loss of data
c:\webcam_ar\glasses\glasses\core.h(313): warning C4552: '-': operator has no effect; expected operator with side-effect
c:\webcam_ar\glasses\glasses\MyForm.h(216): warning C4305: 'argument': truncation from 'double' to 'float'
f:\webcam_ar\opencv\include\opencv2\core\cvstd.hpp(596): warning C4793: 'cv::String::String': function compiled as native:
  	Found an intrinsic not supported in managed code
f:\webcam_ar\opencv\include\opencv2\core\mat.inl.hpp(413): warning C4793: 'cv::Mat::Mat': function compiled as native:
  	Found an intrinsic not supported in managed code
f:\webcam_ar\opencv\include\opencv2\core\mat.inl.hpp(703): warning C4793: 'cv::Mat::release': function compiled as native:
  	Found an intrinsic not supported in managed code
f:\webcam_ar\opencv\include\opencv2\core\mat.inl.hpp(1929): warning C4793: 'cv::SparseMat::addref': function compiled as native:
  	Found an intrinsic not supported in managed code
f:\webcam_ar\opencv\include\opencv2\core\mat.inl.hpp(3530): warning C4793: 'cv::UMat::addref': function compiled as native:
  	Found an intrinsic not supported in managed code
f:\webcam_ar\opencv\include\opencv2\core\ptr.inl.hpp(67): warning C4793: 'cv::detail::PtrOwner::incRef': function compiled as native:
  	Found an intrinsic not supported in managed code
f:\webcam_ar\opencv\include\opencv2\core\ptr.inl.hpp(72): warning C4793: 'cv::detail::PtrOwner::decRef': function compiled as native:
  	Found an intrinsic not supported in managed code
f:\webcam_ar\opencv\include\opencv2\core\mat.inl.hpp(601): warning C4793: 'cv::Mat::operator=': function compiled as native:
  	Found an intrinsic not supported in managed code
f:\webcam_ar\opencv\include\opencv2\core\mat.inl.hpp(703): warning C4793: 'cv::Mat::release': function compiled as native:
  	Found an intrinsic not supported in managed code
  .NETFramework,Version=v4.5.2.AssemblyAttributes.cpp
LINK : fatal error LNK1181: cannot open input file 'opencv_world330.lib'
