  MyForm.cpp
c:\webcam_ar\glasses\glasses\core.h : warning C4819: The file contains a character that cannot be represented in the current code page (950). Save the file in Unicode format to prevent data loss
C:\Webcam_AR\opencv\include\opencv2/core/mat.hpp(1926): warning C4819: The file contains a character that cannot be represented in the current code page (950). Save the file in Unicode format to prevent data loss
C:\Webcam_AR\opencv\include\opencv2/core/persistence.hpp : warning C4819: The file contains a character that cannot be represented in the current code page (950). Save the file in Unicode format to prevent data loss
C:\Webcam_AR\opencv\include\opencv2/core/utility.hpp : warning C4819: The file contains a character that cannot be represented in the current code page (950). Save the file in Unicode format to prevent data loss
C:\Webcam_AR\opencv\include\opencv2/core/utility.hpp : warning C4819: The file contains a character that cannot be represented in the current code page (950). Save the file in Unicode format to prevent data loss
C:\Webcam_AR\opencv\include\opencv2/imgproc.hpp : warning C4819: The file contains a character that cannot be represented in the current code page (950). Save the file in Unicode format to prevent data loss
C:\Webcam_AR\opencv\include\opencv2/imgproc.hpp(617): warning C4819: The file contains a character that cannot be represented in the current code page (950). Save the file in Unicode format to prevent data loss
c:\webcam_ar\glasses\glasses\core.h(149): warning C4244: '=': conversion from 'float' to 'int', possible loss of data
c:\webcam_ar\glasses\glasses\core.h(187): warning C4552: '-': operator has no effect; expected operator with side-effect
c:\webcam_ar\glasses\glasses\Picture.h(329): warning C4267: 'return': conversion from 'size_t' to 'int', possible loss of data
c:\webcam_ar\opencv\include\opencv2\core\cvstd.hpp(596): warning C4793: 'cv::String::String': function compiled as native:
  	Found an intrinsic not supported in managed code
c:\webcam_ar\opencv\include\opencv2\core\cuda.inl.hpp(105): warning C4793: 'cv::cuda::GpuMat::GpuMat': function compiled as native:
  	Found an intrinsic not supported in managed code
c:\webcam_ar\opencv\include\opencv2\core\cuda.inl.hpp(395): warning C4793: 'cv::cuda::HostMem::HostMem': function compiled as native:
  	Found an intrinsic not supported in managed code
c:\webcam_ar\opencv\include\opencv2\core\mat.inl.hpp(413): warning C4793: 'cv::Mat::Mat': function compiled as native:
  	Found an intrinsic not supported in managed code
c:\webcam_ar\opencv\include\opencv2\core\mat.inl.hpp(703): warning C4793: 'cv::Mat::release': function compiled as native:
  	Found an intrinsic not supported in managed code
c:\webcam_ar\opencv\include\opencv2\core\mat.inl.hpp(1929): warning C4793: 'cv::SparseMat::addref': function compiled as native:
  	Found an intrinsic not supported in managed code
c:\webcam_ar\opencv\include\opencv2\core\mat.inl.hpp(3530): warning C4793: 'cv::UMat::addref': function compiled as native:
  	Found an intrinsic not supported in managed code
c:\webcam_ar\opencv\include\opencv2\core\mat.inl.hpp(3535): warning C4793: 'cv::UMat::release': function compiled as native:
  	Found an intrinsic not supported in managed code
c:\webcam_ar\opencv\include\opencv2\core\ptr.inl.hpp(67): warning C4793: 'cv::detail::PtrOwner::incRef': function compiled as native:
  	Found an intrinsic not supported in managed code
c:\webcam_ar\opencv\include\opencv2\core\ptr.inl.hpp(72): warning C4793: 'cv::detail::PtrOwner::decRef': function compiled as native:
  	Found an intrinsic not supported in managed code
  MyForm.obj : /DEBUG:FASTLINK is not supported when managed code is present; restarting link with /DEBUG:FULL
MyForm.obj : warning LNK4248: unresolved typeref token (01000020) for 'CvCapture'; image may not run
MyForm.obj : warning LNK4248: unresolved typeref token (01000021) for 'cv.IVideoCapture'; image may not run
  Glasses.vcxproj -> C:\Webcam_AR\Glasses\x64\Debug\Glasses.exe
  Glasses.vcxproj -> C:\Webcam_AR\Glasses\x64\Debug\Glasses.pdb (Partial PDB)
